<?xml version="1.0" encoding="UTF-8"?>
<!-- Generated by org.testng.reporters.JUnitReportReporter -->
<testsuite hostname="A-ABDELSATAR" failures="0" tests="11" name="testCases.MerchantsPageTest" time="27.712" errors="0" timestamp="2024-02-29T14:20:31 EET" skipped="10">
  <testcase classname="testCases.MerchantsPageTest" name="AddConfigrationFile" time="27.712"/>
  <system-out/>
  <testcase classname="testCases.MerchantsPageTest" name="UnSuspendMerchants">
    <skipped/>
  </testcase> <!-- UnSuspendMerchants -->
  <system-out/>
  <testcase classname="testCases.MerchantsPageTest" name="DeclineNewCandidates">
    <skipped/>
  </testcase> <!-- DeclineNewCandidates -->
  <system-out/>
  <testcase classname="testCases.MerchantsPageTest" name="ADDCandidate">
    <skipped/>
  </testcase> <!-- ADDCandidate -->
  <system-out/>
  <testcase classname="testCases.MerchantsPageTest" name="ApproveNewCandidates">
    <skipped/>
  </testcase> <!-- ApproveNewCandidates -->
  <system-out/>
  <testcase classname="testCases.MerchantsPageTest" name="ExportApprovedMerchantsData">
    <skipped/>
  </testcase> <!-- ExportApprovedMerchantsData -->
  <system-out/>
  <testcase classname="testCases.MerchantsPageTest" name="SuspendMerchants">
    <skipped/>
  </testcase> <!-- SuspendMerchants -->
  <system-out/>
  <testcase classname="testCases.MerchantsPageTest" name="Check_merchantsPage_Opens">
    <skipped/>
  </testcase> <!-- Check_merchantsPage_Opens -->
  <system-out/>
  <testcase classname="testCases.MerchantsPageTest" name="EDITCandidate">
    <skipped/>
  </testcase> <!-- EDITCandidate -->
  <system-out/>
  <testcase classname="testCases.MerchantsPageTest" name="ExportCandidatesData">
    <skipped/>
  </testcase> <!-- ExportCandidatesData -->
  <system-out/>
  <testcase classname="testCases.MerchantsPageTest" name="UNDeclineNewCandidates">
    <skipped/>
  </testcase> <!-- UNDeclineNewCandidates -->
  <system-out/>
</testsuite> <!-- testCases.MerchantsPageTest -->
