<?xml version="1.0" encoding="UTF-8"?>
<!-- Generated by org.testng.reporters.JUnitReportReporter -->
<testsuite hostname="A-ABDELSATAR" failures="0" tests="2" name="testCases.CoursesPageTest" time="53.378" errors="0" timestamp="2024-03-20T17:38:51 EET" skipped="0">
  <testcase classname="testCases.CoursesPageTest" name="addCourseToSystem" time="29.899"/>
  <system-out/>
  <testcase classname="testCases.CoursesPageTest" name="searchAbboutAddedUser" time="23.479"/>
  <system-out/>
</testsuite> <!-- testCases.CoursesPageTest -->
