<?xml version="1.0" encoding="UTF-8"?>
<!-- Generated by org.testng.reporters.JUnitReportReporter -->
<testsuite hostname="A-ABDELSATAR" failures="0" tests="1" name="testCases.LogOutPageTest" time="4.440" errors="0" timestamp="2024-02-18T17:51:48 EET" skipped="0">
  <testcase classname="testCases.LogOutPageTest" name="logOutPage" time="4.440"/>
  <system-out/>
</testsuite> <!-- testCases.LogOutPageTest -->
