<?xml version="1.0" encoding="UTF-8"?>
<!-- Generated by org.testng.reporters.JUnitReportReporter -->
<testsuite hostname="A-ABDELSATAR" failures="0" tests="5" name="testCases.TeamsPageTest" time="50.883" errors="0" timestamp="2024-02-18T17:51:48 EET" skipped="0">
  <testcase classname="testCases.TeamsPageTest" name="checkTeamsPageopens" time="7.878"/>
  <system-out/>
  <testcase classname="testCases.TeamsPageTest" name="ADDNewTeamMember" time="5.953"/>
  <system-out/>
  <testcase classname="testCases.TeamsPageTest" name="ExportTeamsDatatoFiles" time="27.371"/>
  <system-out/>
  <testcase classname="testCases.TeamsPageTest" name="EditNewTeamMember" time="5.303"/>
  <system-out/>
  <testcase classname="testCases.TeamsPageTest" name="DeleteNewTeamMember" time="4.378"/>
  <system-out/>
</testsuite> <!-- testCases.TeamsPageTest -->
