<?xml version="1.0" encoding="UTF-8"?>
<!-- Generated by org.testng.reporters.JUnitReportReporter -->
<testsuite hostname="A-ABDELSATAR" failures="0" tests="2" name="testCases.OrderPageTest" time="31.597" errors="0" timestamp="2024-02-18T17:51:48 EET" skipped="0">
  <testcase classname="testCases.OrderPageTest" name="ExportOrdersDatatoFiles" time="27.361"/>
  <system-out/>
  <testcase classname="testCases.OrderPageTest" name="Check_transactionsPage_Opens" time="4.236"/>
  <system-out/>
</testsuite> <!-- testCases.OrderPageTest -->
