<?xml version="1.0" encoding="UTF-8"?>
<!-- Generated by org.testng.reporters.JUnitReportReporter -->
<testsuite hostname="A-ABDELSATAR" failures="0" tests="1" name="testCases.DashboardPageTest" time="6.711" errors="0" timestamp="2024-02-06T18:12:28 EET" skipped="0">
  <testcase classname="testCases.DashboardPageTest" name="get_UrlandTitledashboardPage" time="6.711"/>
  <system-out/>
</testsuite> <!-- testCases.DashboardPageTest -->
