<?xml version="1.0" encoding="UTF-8"?>
<!-- Generated by org.testng.reporters.JUnitReportReporter -->
<testsuite hostname="A-ABDELSATAR" failures="0" tests="1" name="testCases.LoginPageTest" time="17.274" errors="0" timestamp="2024-03-11T04:00:52 EET" skipped="0">
  <testcase classname="testCases.LoginPageTest" name="loginActionPerform" time="17.274"/>
  <system-out/>
</testsuite> <!-- testCases.LoginPageTest -->
